============================================================================
| ACPYPE: AnteChamber PYthon Parser interfacE v. 2023.10.27 (c) 2025 AWSdS |
============================================================================
DEBUG: CLI: -i MOL.mol2 -c user -o gmx -n 0
DEBUG: Python Version 3.8.8 (default, Apr 13 2021, 19:58:26) 
[GCC 7.3.0]
DEBUG: Max execution time tolerance is 3h
DEBUG: /software/amber-24-el8-x86_64/amber24/bin/antechamber -dr no -i MOL.mol2 -fi mol2 -o tmp -fo ac -pf y
DEBUG: Info: The atom type is set to gaff; the options available to the -at flag are
 gaff, gaff2, amber, bcc, abcg2, and sybyl.


DEBUG: setResNameCheckCoords done
==> Reading user's charges from mol2 file...
DEBUG: /software/amber-24-el8-x86_64/amber24/bin/antechamber -dr no -i MOL.mol2 -fi mol2 -o tmp -fo mol2 -c wc -cf tmp.crg -pf n
DEBUG: ++++++++++start_quote+++++++++++++++++++++++++++++++++++++++++++++++++++++++++++
DEBUG: Info: The atom type is set to gaff; the options available to the -at flag are
 gaff, gaff2, amber, bcc, abcg2, and sybyl.


DEBUG: ++++++++++end_quote+++++++++++++++++++++++++++++++++++++++++++++++++++++++++++++
DEBUG: readMol2TotalCharge: 2.7755575615628914e-16
DEBUG: Net charge drift '0.000000'
==> ... charge set to 0
==> Executing Antechamber...
DEBUG: /software/amber-24-el8-x86_64/amber24/bin/antechamber -dr no -i MOL.mol2 -fi mol2 -o MOL_user_gaff2.mol2 -fo mol2 -nc 0 -m 1 -s 2 -df 2 -at gaff2 -pf n 
DEBUG: No file left to be removed
==> * Antechamber OK *
DEBUG: /software/amber-24-el8-x86_64/amber24/bin/parmchk2 -i MOL_user_gaff2.mol2 -f mol2 -o MOL_AC.frcmod -s 2
==> * Parmchk OK *
DEBUG: No crd or prm files left to be removed
==> Executing Tleap...
DEBUG: /software/amber-24-el8-x86_64/amber24/bin/tleap -f tleap.in
DEBUG: ++++++++++start_quote+++++++++++++++++++++++++++++++++++++++++++++++++++++++++++
DEBUG: Checking 'MOL'....
Checking parameters for unit 'MOL'.
Checking for bond parameters.
Checking for angle parameters.
Unit is OK.
DEBUG: ++++++++++end_quote+++++++++++++++++++++++++++++++++++++++++++++++++++++++++++++
==> * Tleap OK *
==> Removing temporary files...
DEBUG: prmtop and inpcrd files loaded
DEBUG: basename defined = 'MOL'
DEBUG: getCoords done
DEBUG: getABCOEFs done
DEBUG: charge to be balanced: total 0.0000000038
DEBUG: balanceCharges done
DEBUG: Balanced TotalCharge -0.0000000000
DEBUG: PBC = None
DEBUG: getAtoms done
DEBUG: getBonds done
DEBUG: getAngles done
DEBUG: getDihedrals done
==> Using OpenBabel v.3.1.0

==> Writing GROMACS files

==> Disambiguating lower and uppercase atomtypes in GMX top file, even if identical.

DEBUG: writing GRO file
DEBUG: Box size estimated
DEBUG: writing POSRE file
DEBUG: atomTypes 8
DEBUG: GMX atomtypes done
DEBUG: atoms 177
DEBUG: GMX atoms done
DEBUG: bonds 184
DEBUG: GMX bonds done
DEBUG: atomPairs 531
DEBUG: GMX pairs done
DEBUG: angles 353
DEBUG: GMX angles done
DEBUG: setProperDihedralsCoef done
DEBUG: properDihedralsCoefRB 552
DEBUG: properDihedralsAlphaGamma 0
DEBUG: properDihedralsGmx45 800
==> Writing GMX dihedrals for GMX 4.5 and higher.

DEBUG: GMX special proper dihedrals done
DEBUG: improperDihedrals 0
DEBUG: GMX improper dihedrals done
==> Writing pickle file MOL.pkl
==> Removing temporary files...
Total time of execution: 6s
DEBUG: No tmp folder left to be removed
